Base path: 'C:/Program Files/Unity/Hub/Editor/2019.3.0f6/Editor/Data', plugins path 'C:/Program Files/Unity/Hub/Editor/2019.3.0f6/Editor/Data/PlaybackEngines'
Cmd: initializeCompiler
Cmd: compileSnippet
  api=18 type=0 insize=1602 outsize=6615 kw=UNITY_PASS_FORWARDBASE DIRECTIONAL LIGHTPROBE_SH _NORMALMAP pd=UNITY_NO_DXT5nm UNITY_NO_RGBM UNITY_ENABLE_REFLECTION_BUFFERS UNITY_NO_CUBEMAP_ARRAY UNITY_NO_SCREENSPACE_SHADOWS UNITY_PBS_USE_BRDF3 UNITY_NO_FULL_STANDARD_SHADER SHADER_API_MOBILE UNITY_HARDWARE_TIER1 UNITY_COLORSPACE_GAMMA UNITY_LIGHTMAP_DLDR_ENCODING ok=1
Cmd: compileSnippet
  api=9 type=0 insize=1602 outsize=10221 kw=UNITY_PASS_FORWARDBASE DIRECTIONAL SHADOWS_SCREEN _NORMALMAP pd=UNITY_NO_DXT5nm UNITY_NO_RGBM UNITY_ENABLE_REFLECTION_BUFFERS UNITY_FRAMEBUFFER_FETCH_AVAILABLE UNITY_NO_CUBEMAP_ARRAY UNITY_NO_SCREENSPACE_SHADOWS UNITY_PBS_USE_BRDF3 UNITY_NO_FULL_STANDARD_SHADER SHADER_API_MOBILE UNITY_HARDWARE_TIER1 UNITY_COLORSPACE_GAMMA UNITY_LIGHTMAP_DLDR_ENCODING ok=1
Cmd: compileSnippet
  api=18 type=0 insize=1602 outsize=6174 kw=UNITY_PASS_FORWARDBASE DIRECTIONAL SHADOWS_SCREEN _ALPHAPREMULTIPLY_ON pd=UNITY_NO_DXT5nm UNITY_NO_RGBM UNITY_ENABLE_REFLECTION_BUFFERS UNITY_NO_CUBEMAP_ARRAY UNITY_NO_SCREENSPACE_SHADOWS UNITY_PBS_USE_BRDF2 SHADER_API_MOBILE UNITY_HARDWARE_TIER2 UNITY_COLORSPACE_GAMMA UNITY_LIGHTMAP_DLDR_ENCODING ok=1
Cmd: compileSnippet
  api=5 type=0 insize=1602 outsize=10937 kw=UNITY_PASS_FORWARDBASE DIRECTIONAL SHADOWS_SCREEN LIGHTPROBE_SH _ALPHAPREMULTIPLY_ON pd=UNITY_NO_DXT5nm UNITY_NO_RGBM UNITY_ENABLE_REFLECTION_BUFFERS UNITY_FRAMEBUFFER_FETCH_AVAILABLE UNITY_NO_CUBEMAP_ARRAY UNITY_NO_SCREENSPACE_SHADOWS UNITY_PBS_USE_BRDF2 SHADER_API_MOBILE UNITY_HARDWARE_TIER3 UNITY_COLORSPACE_GAMMA UNITY_HALF_PRECISION_FRAGMENT_SHADER_REGISTERS UNITY_LIGHTMAP_DLDR_ENCODING ok=1
Cmd: compileSnippet
  api=9 type=0 insize=1602 outsize=9970 kw=UNITY_PASS_FORWARDBASE DIRECTIONAL VERTEXLIGHT_ON _NORMALMAP pd=UNITY_NO_DXT5nm UNITY_NO_RGBM UNITY_ENABLE_REFLECTION_BUFFERS UNITY_FRAMEBUFFER_FETCH_AVAILABLE UNITY_NO_CUBEMAP_ARRAY UNITY_NO_SCREENSPACE_SHADOWS UNITY_PBS_USE_BRDF2 SHADER_API_MOBILE UNITY_HARDWARE_TIER3 UNITY_COLORSPACE_GAMMA UNITY_LIGHTMAP_DLDR_ENCODING ok=1
Cmd: compileSnippet
  api=18 type=0 insize=1602 outsize=5064 kw=UNITY_PASS_FORWARDBASE DIRECTIONAL VERTEXLIGHT_ON _ALPHAPREMULTIPLY_ON pd=UNITY_NO_DXT5nm UNITY_NO_RGBM UNITY_ENABLE_REFLECTION_BUFFERS UNITY_NO_CUBEMAP_ARRAY UNITY_NO_SCREENSPACE_SHADOWS UNITY_PBS_USE_BRDF2 SHADER_API_MOBILE UNITY_HARDWARE_TIER3 UNITY_COLORSPACE_GAMMA UNITY_LIGHTMAP_DLDR_ENCODING ok=1
Cmd: compileSnippet
  api=5 type=0 insize=1602 outsize=12062 kw=UNITY_PASS_FORWARDBASE DIRECTIONAL LIGHTPROBE_SH VERTEXLIGHT_ON _NORMALMAP pd=UNITY_NO_DXT5nm UNITY_NO_RGBM UNITY_ENABLE_REFLECTION_BUFFERS UNITY_FRAMEBUFFER_FETCH_AVAILABLE UNITY_NO_CUBEMAP_ARRAY UNITY_NO_SCREENSPACE_SHADOWS UNITY_PBS_USE_BRDF2 SHADER_API_MOBILE UNITY_HARDWARE_TIER2 UNITY_COLORSPACE_GAMMA UNITY_HALF_PRECISION_FRAGMENT_SHADER_REGISTERS UNITY_LIGHTMAP_DLDR_ENCODING ok=1
Cmd: compileSnippet
  api=9 type=0 insize=1602 outsize=11753 kw=UNITY_PASS_FORWARDBASE DIRECTIONAL LIGHTPROBE_SH VERTEXLIGHT_ON _ALPHAPREMULTIPLY_ON pd=UNITY_NO_DXT5nm UNITY_NO_RGBM UNITY_ENABLE_REFLECTION_BUFFERS UNITY_FRAMEBUFFER_FETCH_AVAILABLE UNITY_NO_CUBEMAP_ARRAY UNITY_NO_SCREENSPACE_SHADOWS UNITY_PBS_USE_BRDF2 SHADER_API_MOBILE UNITY_HARDWARE_TIER2 UNITY_COLORSPACE_GAMMA UNITY_LIGHTMAP_DLDR_ENCODING ok=1
Cmd: compileSnippet
  api=5 type=0 insize=1602 outsize=9395 kw=UNITY_PASS_FORWARDBASE DIRECTIONAL SHADOWS_SCREEN VERTEXLIGHT_ON _ALPHAPREMULTIPLY_ON pd=UNITY_NO_DXT5nm UNITY_NO_RGBM UNITY_ENABLE_REFLECTION_BUFFERS UNITY_FRAMEBUFFER_FETCH_AVAILABLE UNITY_NO_CUBEMAP_ARRAY UNITY_NO_SCREENSPACE_SHADOWS UNITY_PBS_USE_BRDF2 SHADER_API_MOBILE UNITY_HARDWARE_TIER2 UNITY_COLORSPACE_GAMMA UNITY_HALF_PRECISION_FRAGMENT_SHADER_REGISTERS UNITY_LIGHTMAP_DLDR_ENCODING ok=1
Cmd: compileSnippet
  api=9 type=0 insize=1602 outsize=12989 kw=UNITY_PASS_FORWARDBASE DIRECTIONAL SHADOWS_SCREEN LIGHTPROBE_SH VERTEXLIGHT_ON _NORMALMAP pd=UNITY_NO_DXT5nm UNITY_NO_RGBM UNITY_ENABLE_REFLECTION_BUFFERS UNITY_FRAMEBUFFER_FETCH_AVAILABLE UNITY_NO_CUBEMAP_ARRAY UNITY_NO_SCREENSPACE_SHADOWS UNITY_PBS_USE_BRDF3 UNITY_NO_FULL_STANDARD_SHADER SHADER_API_MOBILE UNITY_HARDWARE_TIER1 UNITY_COLORSPACE_GAMMA UNITY_LIGHTMAP_DLDR_ENCODING ok=1
Cmd: compileSnippet
  api=18 type=0 insize=1602 outsize=8223 kw=UNITY_PASS_FORWARDBASE DIRECTIONAL SHADOWS_SCREEN LIGHTPROBE_SH VERTEXLIGHT_ON _ALPHAPREMULTIPLY_ON pd=UNITY_NO_DXT5nm UNITY_NO_RGBM UNITY_ENABLE_REFLECTION_BUFFERS UNITY_NO_CUBEMAP_ARRAY UNITY_NO_SCREENSPACE_SHADOWS UNITY_PBS_USE_BRDF2 SHADER_API_MOBILE UNITY_HARDWARE_TIER3 UNITY_COLORSPACE_GAMMA UNITY_LIGHTMAP_DLDR_ENCODING ok=1
Cmd: compileSnippet
  api=5 type=0 insize=1602 outsize=6708 kw=UNITY_PASS_FORWARDBASE DIRECTIONAL _ALPHAPREMULTIPLY_ON pd=UNITY_NO_DXT5nm UNITY_NO_RGBM UNITY_ENABLE_REFLECTION_BUFFERS UNITY_FRAMEBUFFER_FETCH_AVAILABLE UNITY_NO_CUBEMAP_ARRAY UNITY_NO_SCREENSPACE_SHADOWS UNITY_PBS_USE_BRDF3 UNITY_NO_FULL_STANDARD_SHADER SHADER_API_MOBILE UNITY_HARDWARE_TIER1 UNITY_COLORSPACE_GAMMA UNITY_HALF_PRECISION_FRAGMENT_SHADER_REGISTERS UNITY_LIGHTMAP_DLDR_ENCODING ok=1
Cmd: compileSnippet
  api=5 type=0 insize=1460 outsize=4897 kw=UNITY_PASS_FORWARDADD DIRECTIONAL _ALPHAPREMULTIPLY_ON pd=UNITY_NO_DXT5nm UNITY_NO_RGBM UNITY_ENABLE_REFLECTION_BUFFERS UNITY_FRAMEBUFFER_FETCH_AVAILABLE UNITY_NO_CUBEMAP_ARRAY UNITY_NO_SCREENSPACE_SHADOWS UNITY_PBS_USE_BRDF3 UNITY_NO_FULL_STANDARD_SHADER SHADER_API_MOBILE UNITY_HARDWARE_TIER1 UNITY_COLORSPACE_GAMMA UNITY_HALF_PRECISION_FRAGMENT_SHADER_REGISTERS UNITY_LIGHTMAP_DLDR_ENCODING ok=1
Cmd: compileSnippet
  api=9 type=0 insize=1460 outsize=8783 kw=UNITY_PASS_FORWARDADD SPOT _NORMALMAP pd=UNITY_NO_DXT5nm UNITY_NO_RGBM UNITY_ENABLE_REFLECTION_BUFFERS UNITY_FRAMEBUFFER_FETCH_AVAILABLE UNITY_NO_CUBEMAP_ARRAY UNITY_NO_SCREENSPACE_SHADOWS UNITY_PBS_USE_BRDF3 UNITY_NO_FULL_STANDARD_SHADER SHADER_API_MOBILE UNITY_HARDWARE_TIER1 UNITY_COLORSPACE_GAMMA UNITY_LIGHTMAP_DLDR_ENCODING ok=1
Cmd: compileSnippet
  api=9 type=0 insize=1460 outsize=8291 kw=UNITY_PASS_FORWARDADD SPOT _ALPHAPREMULTIPLY_ON pd=UNITY_NO_DXT5nm UNITY_NO_RGBM UNITY_ENABLE_REFLECTION_BUFFERS UNITY_FRAMEBUFFER_FETCH_AVAILABLE UNITY_NO_CUBEMAP_ARRAY UNITY_NO_SCREENSPACE_SHADOWS UNITY_PBS_USE_BRDF2 SHADER_API_MOBILE UNITY_HARDWARE_TIER2 UNITY_COLORSPACE_GAMMA UNITY_LIGHTMAP_DLDR_ENCODING ok=1
Cmd: compileSnippet
  api=5 type=0 insize=1460 outsize=5946 kw=UNITY_PASS_FORWARDADD POINT_COOKIE _ALPHAPREMULTIPLY_ON pd=UNITY_NO_DXT5nm UNITY_NO_RGBM UNITY_ENABLE_REFLECTION_BUFFERS UNITY_FRAMEBUFFER_FETCH_AVAILABLE UNITY_NO_CUBEMAP_ARRAY UNITY_NO_SCREENSPACE_SHADOWS UNITY_PBS_USE_BRDF3 UNITY_NO_FULL_STANDARD_SHADER SHADER_API_MOBILE UNITY_HARDWARE_TIER1 UNITY_COLORSPACE_GAMMA UNITY_HALF_PRECISION_FRAGMENT_SHADER_REGISTERS UNITY_LIGHTMAP_DLDR_ENCODING ok=1
Cmd: compileSnippet
  api=9 type=0 insize=1460 outsize=8902 kw=UNITY_PASS_FORWARDADD DIRECTIONAL_COOKIE _NORMALMAP pd=UNITY_NO_DXT5nm UNITY_NO_RGBM UNITY_ENABLE_REFLECTION_BUFFERS UNITY_FRAMEBUFFER_FETCH_AVAILABLE UNITY_NO_CUBEMAP_ARRAY UNITY_NO_SCREENSPACE_SHADOWS UNITY_PBS_USE_BRDF2 SHADER_API_MOBILE UNITY_HARDWARE_TIER3 UNITY_COLORSPACE_GAMMA UNITY_LIGHTMAP_DLDR_ENCODING ok=1
Cmd: compileSnippet
  api=18 type=0 insize=1460 outsize=4777 kw=UNITY_PASS_FORWARDADD DIRECTIONAL_COOKIE _ALPHAPREMULTIPLY_ON pd=UNITY_NO_DXT5nm UNITY_NO_RGBM UNITY_ENABLE_REFLECTION_BUFFERS UNITY_NO_CUBEMAP_ARRAY UNITY_NO_SCREENSPACE_SHADOWS UNITY_PBS_USE_BRDF2 SHADER_API_MOBILE UNITY_HARDWARE_TIER3 UNITY_COLORSPACE_GAMMA UNITY_LIGHTMAP_DLDR_ENCODING ok=1
Cmd: compileSnippet
  api=5 type=0 insize=1460 outsize=8506 kw=UNITY_PASS_FORWARDADD SPOT SHADOWS_DEPTH _ALPHAPREMULTIPLY_ON pd=UNITY_NO_DXT5nm UNITY_NO_RGBM UNITY_ENABLE_REFLECTION_BUFFERS UNITY_FRAMEBUFFER_FETCH_AVAILABLE UNITY_NO_CUBEMAP_ARRAY UNITY_NO_SCREENSPACE_SHADOWS UNITY_PBS_USE_BRDF2 SHADER_API_MOBILE UNITY_HARDWARE_TIER2 UNITY_COLORSPACE_GAMMA UNITY_HALF_PRECISION_FRAGMENT_SHADER_REGISTERS UNITY_LIGHTMAP_DLDR_ENCODING ok=1
Cmd: compileSnippet
  api=9 type=0 insize=1460 outsize=10379 kw=UNITY_PASS_FORWARDADD SPOT SHADOWS_DEPTH SHADOWS_SOFT _NORMALMAP pd=UNITY_NO_DXT5nm UNITY_NO_RGBM UNITY_ENABLE_REFLECTION_BUFFERS UNITY_FRAMEBUFFER_FETCH_AVAILABLE UNITY_NO_CUBEMAP_ARRAY UNITY_NO_SCREENSPACE_SHADOWS UNITY_PBS_USE_BRDF3 UNITY_NO_FULL_STANDARD_SHADER SHADER_API_MOBILE UNITY_HARDWARE_TIER1 UNITY_COLORSPACE_GAMMA UNITY_LIGHTMAP_DLDR_ENCODING ok=1
Cmd: compileSnippet
  api=9 type=0 insize=1460 outsize=10861 kw=UNITY_PASS_FORWARDADD SPOT SHADOWS_DEPTH SHADOWS_SOFT _ALPHAPREMULTIPLY_ON pd=UNITY_NO_DXT5nm UNITY_NO_RGBM UNITY_ENABLE_REFLECTION_BUFFERS UNITY_FRAMEBUFFER_FETCH_AVAILABLE UNITY_NO_CUBEMAP_ARRAY UNITY_NO_SCREENSPACE_SHADOWS UNITY_PBS_USE_BRDF2 SHADER_API_MOBILE UNITY_HARDWARE_TIER2 UNITY_COLORSPACE_GAMMA UNITY_LIGHTMAP_DLDR_ENCODING ok=1
Cmd: compileSnippet
  api=18 type=0 insize=1460 outsize=6087 kw=UNITY_PASS_FORWARDADD DIRECTIONAL SHADOWS_SCREEN _NORMALMAP pd=UNITY_NO_DXT5nm UNITY_NO_RGBM UNITY_ENABLE_REFLECTION_BUFFERS UNITY_NO_CUBEMAP_ARRAY UNITY_NO_SCREENSPACE_SHADOWS UNITY_PBS_USE_BRDF2 SHADER_API_MOBILE UNITY_HARDWARE_TIER2 UNITY_COLORSPACE_GAMMA UNITY_LIGHTMAP_DLDR_ENCODING ok=1
Cmd: compileSnippet
  api=5 type=0 insize=1460 outsize=9215 kw=UNITY_PASS_FORWARDADD DIRECTIONAL_COOKIE SHADOWS_SCREEN _NORMALMAP pd=UNITY_NO_DXT5nm UNITY_NO_RGBM UNITY_ENABLE_REFLECTION_BUFFERS UNITY_FRAMEBUFFER_FETCH_AVAILABLE UNITY_NO_CUBEMAP_ARRAY UNITY_NO_SCREENSPACE_SHADOWS UNITY_PBS_USE_BRDF2 SHADER_API_MOBILE UNITY_HARDWARE_TIER2 UNITY_COLORSPACE_GAMMA UNITY_HALF_PRECISION_FRAGMENT_SHADER_REGISTERS UNITY_LIGHTMAP_DLDR_ENCODING ok=1
Cmd: compileSnippet
  api=9 type=0 insize=1460 outsize=9627 kw=UNITY_PASS_FORWARDADD DIRECTIONAL_COOKIE SHADOWS_SCREEN _ALPHAPREMULTIPLY_ON pd=UNITY_NO_DXT5nm UNITY_NO_RGBM UNITY_ENABLE_REFLECTION_BUFFERS UNITY_FRAMEBUFFER_FETCH_AVAILABLE UNITY_NO_CUBEMAP_ARRAY UNITY_NO_SCREENSPACE_SHADOWS UNITY_PBS_USE_BRDF2 SHADER_API_MOBILE UNITY_HARDWARE_TIER2 UNITY_COLORSPACE_GAMMA UNITY_LIGHTMAP_DLDR_ENCODING ok=1
Cmd: compileSnippet
  api=18 type=0 insize=1460 outsize=7033 kw=UNITY_PASS_FORWARDADD POINT SHADOWS_CUBE _NORMALMAP pd=UNITY_NO_DXT5nm UNITY_NO_RGBM UNITY_ENABLE_REFLECTION_BUFFERS UNITY_NO_CUBEMAP_ARRAY UNITY_NO_SCREENSPACE_SHADOWS UNITY_PBS_USE_BRDF2 SHADER_API_MOBILE UNITY_HARDWARE_TIER2 UNITY_COLORSPACE_GAMMA UNITY_LIGHTMAP_DLDR_ENCODING ok=1
Cmd: compileSnippet
  api=5 type=0 insize=1460 outsize=11328 kw=UNITY_PASS_FORWARDADD POINT SHADOWS_CUBE SHADOWS_SOFT _NORMALMAP pd=UNITY_NO_DXT5nm UNITY_NO_RGBM UNITY_ENABLE_REFLECTION_BUFFERS UNITY_FRAMEBUFFER_FETCH_AVAILABLE UNITY_NO_CUBEMAP_ARRAY UNITY_NO_SCREENSPACE_SHADOWS UNITY_PBS_USE_BRDF2 SHADER_API_MOBILE UNITY_HARDWARE_TIER2 UNITY_COLORSPACE_GAMMA UNITY_HALF_PRECISION_FRAGMENT_SHADER_REGISTERS UNITY_LIGHTMAP_DLDR_ENCODING ok=1
Cmd: compileSnippet
  api=9 type=0 insize=1460 outsize=10534 kw=UNITY_PASS_FORWARDADD POINT SHADOWS_CUBE SHADOWS_SOFT _ALPHAPREMULTIPLY_ON pd=UNITY_NO_DXT5nm UNITY_NO_RGBM UNITY_ENABLE_REFLECTION_BUFFERS UNITY_FRAMEBUFFER_FETCH_AVAILABLE UNITY_NO_CUBEMAP_ARRAY UNITY_NO_SCREENSPACE_SHADOWS UNITY_PBS_USE_BRDF2 SHADER_API_MOBILE UNITY_HARDWARE_TIER2 UNITY_COLORSPACE_GAMMA UNITY_LIGHTMAP_DLDR_ENCODING ok=1
Cmd: compileSnippet
  api=5 type=0 insize=1460 outsize=6801 kw=UNITY_PASS_FORWARDADD POINT_COOKIE SHADOWS_CUBE _ALPHAPREMULTIPLY_ON pd=UNITY_NO_DXT5nm UNITY_NO_RGBM UNITY_ENABLE_REFLECTION_BUFFERS UNITY_FRAMEBUFFER_FETCH_AVAILABLE UNITY_NO_CUBEMAP_ARRAY UNITY_NO_SCREENSPACE_SHADOWS UNITY_PBS_USE_BRDF3 UNITY_NO_FULL_STANDARD_SHADER SHADER_API_MOBILE UNITY_HARDWARE_TIER1 UNITY_COLORSPACE_GAMMA UNITY_HALF_PRECISION_FRAGMENT_SHADER_REGISTERS UNITY_LIGHTMAP_DLDR_ENCODING ok=1
Cmd: compileSnippet
  api=9 type=0 insize=1460 outsize=10028 kw=UNITY_PASS_FORWARDADD POINT_COOKIE SHADOWS_CUBE _ALPHAPREMULTIPLY_ON pd=UNITY_NO_DXT5nm UNITY_NO_RGBM UNITY_ENABLE_REFLECTION_BUFFERS UNITY_FRAMEBUFFER_FETCH_AVAILABLE UNITY_NO_CUBEMAP_ARRAY UNITY_NO_SCREENSPACE_SHADOWS UNITY_PBS_USE_BRDF2 SHADER_API_MOBILE UNITY_HARDWARE_TIER3 UNITY_COLORSPACE_GAMMA UNITY_LIGHTMAP_DLDR_ENCODING ok=1
Cmd: compileSnippet
  api=5 type=0 insize=1460 outsize=9879 kw=UNITY_PASS_FORWARDADD POINT_COOKIE SHADOWS_CUBE SHADOWS_SOFT _ALPHAPREMULTIPLY_ON pd=UNITY_NO_DXT5nm UNITY_NO_RGBM UNITY_ENABLE_REFLECTION_BUFFERS UNITY_FRAMEBUFFER_FETCH_AVAILABLE UNITY_NO_CUBEMAP_ARRAY UNITY_NO_SCREENSPACE_SHADOWS UNITY_PBS_USE_BRDF2 SHADER_API_MOBILE UNITY_HARDWARE_TIER3 UNITY_COLORSPACE_GAMMA UNITY_HALF_PRECISION_FRAGMENT_SHADER_REGISTERS UNITY_LIGHTMAP_DLDR_ENCODING ok=1
Cmd: compileSnippet
  api=18 type=0 insize=1460 outsize=5048 kw=UNITY_PASS_FORWARDADD POINT _NORMALMAP pd=UNITY_NO_DXT5nm UNITY_NO_RGBM UNITY_ENABLE_REFLECTION_BUFFERS UNITY_NO_CUBEMAP_ARRAY UNITY_NO_SCREENSPACE_SHADOWS UNITY_PBS_USE_BRDF3 UNITY_NO_FULL_STANDARD_SHADER SHADER_API_MOBILE UNITY_HARDWARE_TIER1 UNITY_COLORSPACE_GAMMA UNITY_LIGHTMAP_DLDR_ENCODING ok=1
Cmd: compileSnippet
  api=5 type=0 insize=1302 outsize=3326 kw=UNITY_PASS_SHADOWCASTER SHADOWS_DEPTH _ALPHAPREMULTIPLY_ON pd=UNITY_NO_DXT5nm UNITY_NO_RGBM UNITY_ENABLE_REFLECTION_BUFFERS UNITY_FRAMEBUFFER_FETCH_AVAILABLE UNITY_NO_CUBEMAP_ARRAY UNITY_NO_SCREENSPACE_SHADOWS UNITY_PBS_USE_BRDF2 SHADER_API_MOBILE UNITY_HARDWARE_TIER3 UNITY_COLORSPACE_GAMMA UNITY_HALF_PRECISION_FRAGMENT_SHADER_REGISTERS UNITY_LIGHTMAP_DLDR_ENCODING ok=1
Cmd: compileSnippet
  api=5 type=0 insize=1554 outsize=7276 kw=UNITY_PASS_DEFERRED LIGHTPROBE_SH _NORMALMAP pd=UNITY_NO_DXT5nm UNITY_NO_RGBM UNITY_ENABLE_REFLECTION_BUFFERS UNITY_FRAMEBUFFER_FETCH_AVAILABLE UNITY_NO_CUBEMAP_ARRAY UNITY_NO_SCREENSPACE_SHADOWS UNITY_PBS_USE_BRDF2 SHADER_API_MOBILE UNITY_HARDWARE_TIER3 UNITY_COLORSPACE_GAMMA UNITY_HALF_PRECISION_FRAGMENT_SHADER_REGISTERS UNITY_LIGHTMAP_DLDR_ENCODING ok=1
Cmd: compileSnippet
  api=9 type=0 insize=1554 outsize=6466 kw=UNITY_PASS_DEFERRED UNITY_HDR_ON _NORMALMAP pd=UNITY_NO_DXT5nm UNITY_NO_RGBM UNITY_ENABLE_REFLECTION_BUFFERS UNITY_FRAMEBUFFER_FETCH_AVAILABLE UNITY_NO_CUBEMAP_ARRAY UNITY_NO_SCREENSPACE_SHADOWS UNITY_PBS_USE_BRDF3 UNITY_NO_FULL_STANDARD_SHADER SHADER_API_MOBILE UNITY_HARDWARE_TIER1 UNITY_COLORSPACE_GAMMA UNITY_LIGHTMAP_DLDR_ENCODING ok=1
Cmd: compileSnippet
  api=18 type=0 insize=1554 outsize=3074 kw=UNITY_PASS_DEFERRED UNITY_HDR_ON _ALPHAPREMULTIPLY_ON pd=UNITY_NO_DXT5nm UNITY_NO_RGBM UNITY_ENABLE_REFLECTION_BUFFERS UNITY_NO_CUBEMAP_ARRAY UNITY_NO_SCREENSPACE_SHADOWS UNITY_PBS_USE_BRDF2 SHADER_API_MOBILE UNITY_HARDWARE_TIER3 UNITY_COLORSPACE_GAMMA UNITY_LIGHTMAP_DLDR_ENCODING ok=1
Cmd: compileSnippet
  api=5 type=0 insize=1554 outsize=5949 kw=UNITY_PASS_DEFERRED LIGHTPROBE_SH UNITY_HDR_ON _ALPHAPREMULTIPLY_ON pd=UNITY_NO_DXT5nm UNITY_NO_RGBM UNITY_ENABLE_REFLECTION_BUFFERS UNITY_FRAMEBUFFER_FETCH_AVAILABLE UNITY_NO_CUBEMAP_ARRAY UNITY_NO_SCREENSPACE_SHADOWS UNITY_PBS_USE_BRDF2 SHADER_API_MOBILE UNITY_HARDWARE_TIER3 UNITY_COLORSPACE_GAMMA UNITY_HALF_PRECISION_FRAGMENT_SHADER_REGISTERS UNITY_LIGHTMAP_DLDR_ENCODING ok=1
Cmd: compileSnippet
  api=9 type=0 insize=1554 outsize=6466 kw=UNITY_PASS_DEFERRED _NORMALMAP pd=UNITY_NO_DXT5nm UNITY_NO_RGBM UNITY_ENABLE_REFLECTION_BUFFERS UNITY_FRAMEBUFFER_FETCH_AVAILABLE UNITY_NO_CUBEMAP_ARRAY UNITY_NO_SCREENSPACE_SHADOWS UNITY_PBS_USE_BRDF2 SHADER_API_MOBILE UNITY_HARDWARE_TIER3 UNITY_COLORSPACE_GAMMA UNITY_LIGHTMAP_DLDR_ENCODING ok=1
Cmd: compileSnippet
  api=18 type=0 insize=1554 outsize=3066 kw=UNITY_PASS_DEFERRED _ALPHAPREMULTIPLY_ON pd=UNITY_NO_DXT5nm UNITY_NO_RGBM UNITY_ENABLE_REFLECTION_BUFFERS UNITY_NO_CUBEMAP_ARRAY UNITY_NO_SCREENSPACE_SHADOWS UNITY_PBS_USE_BRDF2 SHADER_API_MOBILE UNITY_HARDWARE_TIER3 UNITY_COLORSPACE_GAMMA UNITY_LIGHTMAP_DLDR_ENCODING ok=1
Cmd: compileSnippet
  api=5 type=0 insize=1406 outsize=9453 kw=UNITY_PASS_FORWARDBASE DIRECTIONAL LIGHTPROBE_SH _NORMALMAP pd=UNITY_NO_DXT5nm UNITY_NO_RGBM UNITY_ENABLE_REFLECTION_BUFFERS UNITY_FRAMEBUFFER_FETCH_AVAILABLE UNITY_NO_CUBEMAP_ARRAY UNITY_NO_SCREENSPACE_SHADOWS UNITY_PBS_USE_BRDF2 SHADER_API_MOBILE UNITY_HARDWARE_TIER2 UNITY_COLORSPACE_GAMMA UNITY_HALF_PRECISION_FRAGMENT_SHADER_REGISTERS UNITY_LIGHTMAP_DLDR_ENCODING ok=1
Cmd: compileSnippet
  api=18 type=0 insize=1406 outsize=5498 kw=UNITY_PASS_FORWARDBASE DIRECTIONAL LIGHTPROBE_SH _ALPHAPREMULTIPLY_ON pd=UNITY_NO_DXT5nm UNITY_NO_RGBM UNITY_ENABLE_REFLECTION_BUFFERS UNITY_NO_CUBEMAP_ARRAY UNITY_NO_SCREENSPACE_SHADOWS UNITY_PBS_USE_BRDF3 UNITY_NO_FULL_STANDARD_SHADER SHADER_API_MOBILE UNITY_HARDWARE_TIER1 UNITY_COLORSPACE_GAMMA UNITY_LIGHTMAP_DLDR_ENCODING ok=1
Cmd: compileSnippet
  api=5 type=0 insize=1406 outsize=7602 kw=UNITY_PASS_FORWARDBASE DIRECTIONAL SHADOWS_SCREEN _ALPHAPREMULTIPLY_ON pd=UNITY_NO_DXT5nm UNITY_NO_RGBM UNITY_ENABLE_REFLECTION_BUFFERS UNITY_FRAMEBUFFER_FETCH_AVAILABLE UNITY_NO_CUBEMAP_ARRAY UNITY_NO_SCREENSPACE_SHADOWS UNITY_PBS_USE_BRDF3 UNITY_NO_FULL_STANDARD_SHADER SHADER_API_MOBILE UNITY_HARDWARE_TIER1 UNITY_COLORSPACE_GAMMA UNITY_HALF_PRECISION_FRAGMENT_SHADER_REGISTERS UNITY_LIGHTMAP_DLDR_ENCODING ok=1
Cmd: compileSnippet
  api=9 type=0 insize=1406 outsize=13306 kw=UNITY_PASS_FORWARDBASE DIRECTIONAL SHADOWS_SCREEN LIGHTPROBE_SH _NORMALMAP pd=UNITY_NO_DXT5nm UNITY_NO_RGBM UNITY_ENABLE_REFLECTION_BUFFERS UNITY_FRAMEBUFFER_FETCH_AVAILABLE UNITY_NO_CUBEMAP_ARRAY UNITY_NO_SCREENSPACE_SHADOWS UNITY_PBS_USE_BRDF2 SHADER_API_MOBILE UNITY_HARDWARE_TIER2 UNITY_COLORSPACE_GAMMA UNITY_LIGHTMAP_DLDR_ENCODING ok=1
Cmd: compileSnippet
  api=5 type=0 insize=1406 outsize=8191 kw=UNITY_PASS_FORWARDBASE DIRECTIONAL VERTEXLIGHT_ON _NORMALMAP pd=UNITY_NO_DXT5nm UNITY_NO_RGBM UNITY_ENABLE_REFLECTION_BUFFERS UNITY_FRAMEBUFFER_FETCH_AVAILABLE UNITY_NO_CUBEMAP_ARRAY UNITY_NO_SCREENSPACE_SHADOWS UNITY_PBS_USE_BRDF3 UNITY_NO_FULL_STANDARD_SHADER SHADER_API_MOBILE UNITY_HARDWARE_TIER1 UNITY_COLORSPACE_GAMMA UNITY_HALF_PRECISION_FRAGMENT_SHADER_REGISTERS UNITY_LIGHTMAP_DLDR_ENCODING ok=1
Cmd: compileSnippet
  api=9 type=0 insize=1406 outsize=7686 kw=UNITY_PASS_FORWARDBASE DIRECTIONAL VERTEXLIGHT_ON _ALPHAPREMULTIPLY_ON pd=UNITY_NO_DXT5nm UNITY_NO_RGBM UNITY_ENABLE_REFLECTION_BUFFERS UNITY_FRAMEBUFFER_FETCH_AVAILABLE UNITY_NO_CUBEMAP_ARRAY UNITY_NO_SCREENSPACE_SHADOWS UNITY_PBS_USE_BRDF2 SHADER_API_MOBILE UNITY_HARDWARE_TIER2 UNITY_COLORSPACE_GAMMA UNITY_LIGHTMAP_DLDR_ENCODING ok=1
Cmd: compileSnippet
  api=18 type=0 insize=1406 outsize=7374 kw=UNITY_PASS_FORWARDBASE DIRECTIONAL LIGHTPROBE_SH VERTEXLIGHT_ON _NORMALMAP pd=UNITY_NO_DXT5nm UNITY_NO_RGBM UNITY_ENABLE_REFLECTION_BUFFERS UNITY_NO_CUBEMAP_ARRAY UNITY_NO_SCREENSPACE_SHADOWS UNITY_PBS_USE_BRDF3 UNITY_NO_FULL_STANDARD_SHADER SHADER_API_MOBILE UNITY_HARDWARE_TIER1 UNITY_COLORSPACE_GAMMA UNITY_LIGHTMAP_DLDR_ENCODING ok=1
Cmd: compileSnippet
  api=5 type=0 insize=1406 outsize=10740 kw=UNITY_PASS_FORWARDBASE DIRECTIONAL SHADOWS_SCREEN VERTEXLIGHT_ON _NORMALMAP pd=UNITY_NO_DXT5nm UNITY_NO_RGBM UNITY_ENABLE_REFLECTION_BUFFERS UNITY_FRAMEBUFFER_FETCH_AVAILABLE UNITY_NO_CUBEMAP_ARRAY UNITY_NO_SCREENSPACE_SHADOWS UNITY_PBS_USE_BRDF2 SHADER_API_MOBILE UNITY_HARDWARE_TIER3 UNITY_COLORSPACE_GAMMA UNITY_HALF_PRECISION_FRAGMENT_SHADER_REGISTERS UNITY_LIGHTMAP_DLDR_ENCODING ok=1
Cmd: compileSnippet
  api=9 type=0 insize=1406 outsize=10502 kw=UNITY_PASS_FORWARDBASE DIRECTIONAL SHADOWS_SCREEN VERTEXLIGHT_ON _ALPHAPREMULTIPLY_ON pd=UNITY_NO_DXT5nm UNITY_NO_RGBM UNITY_ENABLE_REFLECTION_BUFFERS UNITY_FRAMEBUFFER_FETCH_AVAILABLE UNITY_NO_CUBEMAP_ARRAY UNITY_NO_SCREENSPACE_SHADOWS UNITY_PBS_USE_BRDF2 SHADER_API_MOBILE UNITY_HARDWARE_TIER3 UNITY_COLORSPACE_GAMMA UNITY_LIGHTMAP_DLDR_ENCODING ok=1
Cmd: compileSnippet
  api=18 type=0 insize=1406 outsize=9029 kw=UNITY_PASS_FORWARDBASE DIRECTIONAL SHADOWS_SCREEN LIGHTPROBE_SH VERTEXLIGHT_ON _NORMALMAP pd=UNITY_NO_DXT5nm UNITY_NO_RGBM UNITY_ENABLE_REFLECTION_BUFFERS UNITY_NO_CUBEMAP_ARRAY UNITY_NO_SCREENSPACE_SHADOWS UNITY_PBS_USE_BRDF2 SHADER_API_MOBILE UNITY_HARDWARE_TIER3 UNITY_COLORSPACE_GAMMA UNITY_LIGHTMAP_DLDR_ENCODING ok=1
Cmd: compileSnippet
  api=5 type=0 insize=1406 outsize=8191 kw=UNITY_PASS_FORWARDBASE DIRECTIONAL _NORMALMAP pd=UNITY_NO_DXT5nm UNITY_NO_RGBM UNITY_ENABLE_REFLECTION_BUFFERS UNITY_FRAMEBUFFER_FETCH_AVAILABLE UNITY_NO_CUBEMAP_ARRAY UNITY_NO_SCREENSPACE_SHADOWS UNITY_PBS_USE_BRDF3 UNITY_NO_FULL_STANDARD_SHADER SHADER_API_MOBILE UNITY_HARDWARE_TIER1 UNITY_COLORSPACE_GAMMA UNITY_HALF_PRECISION_FRAGMENT_SHADER_REGISTERS UNITY_LIGHTMAP_DLDR_ENCODING ok=1
Cmd: compileSnippet
  api=9 type=0 insize=1406 outsize=7686 kw=UNITY_PASS_FORWARDBASE DIRECTIONAL _ALPHAPREMULTIPLY_ON pd=UNITY_NO_DXT5nm UNITY_NO_RGBM UNITY_ENABLE_REFLECTION_BUFFERS UNITY_FRAMEBUFFER_FETCH_AVAILABLE UNITY_NO_CUBEMAP_ARRAY UNITY_NO_SCREENSPACE_SHADOWS UNITY_PBS_USE_BRDF2 SHADER_API_MOBILE UNITY_HARDWARE_TIER3 UNITY_COLORSPACE_GAMMA UNITY_LIGHTMAP_DLDR_ENCODING ok=1
Cmd: compileSnippet
  api=9 type=0 insize=1268 outsize=6966 kw=UNITY_PASS_FORWARDADD DIRECTIONAL _NORMALMAP pd=UNITY_NO_DXT5nm UNITY_NO_RGBM UNITY_ENABLE_REFLECTION_BUFFERS UNITY_FRAMEBUFFER_FETCH_AVAILABLE UNITY_NO_CUBEMAP_ARRAY UNITY_NO_SCREENSPACE_SHADOWS UNITY_PBS_USE_BRDF2 SHADER_API_MOBILE UNITY_HARDWARE_TIER3 UNITY_COLORSPACE_GAMMA UNITY_LIGHTMAP_DLDR_ENCODING ok=1
Cmd: compileSnippet
  api=18 type=0 insize=1268 outsize=3525 kw=UNITY_PASS_FORWARDADD DIRECTIONAL _ALPHAPREMULTIPLY_ON pd=UNITY_NO_DXT5nm UNITY_NO_RGBM UNITY_ENABLE_REFLECTION_BUFFERS UNITY_NO_CUBEMAP_ARRAY UNITY_NO_SCREENSPACE_SHADOWS UNITY_PBS_USE_BRDF3 UNITY_NO_FULL_STANDARD_SHADER SHADER_API_MOBILE UNITY_HARDWARE_TIER1 UNITY_COLORSPACE_GAMMA UNITY_LIGHTMAP_DLDR_ENCODING ok=1
Cmd: compileSnippet
  api=5 type=0 insize=1268 outsize=6351 kw=UNITY_PASS_FORWARDADD SPOT _ALPHAPREMULTIPLY_ON pd=UNITY_NO_DXT5nm UNITY_NO_RGBM UNITY_ENABLE_REFLECTION_BUFFERS UNITY_FRAMEBUFFER_FETCH_AVAILABLE UNITY_NO_CUBEMAP_ARRAY UNITY_NO_SCREENSPACE_SHADOWS UNITY_PBS_USE_BRDF2 SHADER_API_MOBILE UNITY_HARDWARE_TIER3 UNITY_COLORSPACE_GAMMA UNITY_HALF_PRECISION_FRAGMENT_SHADER_REGISTERS UNITY_LIGHTMAP_DLDR_ENCODING ok=1
Cmd: compileSnippet
  api=5 type=0 insize=1268 outsize=7221 kw=UNITY_PASS_FORWARDADD POINT_COOKIE _NORMALMAP pd=UNITY_NO_DXT5nm UNITY_NO_RGBM UNITY_ENABLE_REFLECTION_BUFFERS UNITY_FRAMEBUFFER_FETCH_AVAILABLE UNITY_NO_CUBEMAP_ARRAY UNITY_NO_SCREENSPACE_SHADOWS UNITY_PBS_USE_BRDF3 UNITY_NO_FULL_STANDARD_SHADER SHADER_API_MOBILE UNITY_HARDWARE_TIER1 UNITY_COLORSPACE_GAMMA UNITY_HALF_PRECISION_FRAGMENT_SHADER_REGISTERS UNITY_LIGHTMAP_DLDR_ENCODING ok=1
Cmd: compileSnippet
  api=9 type=0 insize=1268 outsize=7112 kw=UNITY_PASS_FORWARDADD POINT_COOKIE _ALPHAPREMULTIPLY_ON pd=UNITY_NO_DXT5nm UNITY_NO_RGBM UNITY_ENABLE_REFLECTION_BUFFERS UNITY_FRAMEBUFFER_FETCH_AVAILABLE UNITY_NO_CUBEMAP_ARRAY UNITY_NO_SCREENSPACE_SHADOWS UNITY_PBS_USE_BRDF3 UNITY_NO_FULL_STANDARD_SHADER SHADER_API_MOBILE UNITY_HARDWARE_TIER1 UNITY_COLORSPACE_GAMMA UNITY_LIGHTMAP_DLDR_ENCODING ok=1
Cmd: compileSnippet
  api=18 type=0 insize=1268 outsize=5283 kw=UNITY_PASS_FORWARDADD DIRECTIONAL_COOKIE _NORMALMAP pd=UNITY_NO_DXT5nm UNITY_NO_RGBM UNITY_ENABLE_REFLECTION_BUFFERS UNITY_NO_CUBEMAP_ARRAY UNITY_NO_SCREENSPACE_SHADOWS UNITY_PBS_USE_BRDF2 SHADER_API_MOBILE UNITY_HARDWARE_TIER2 UNITY_COLORSPACE_GAMMA UNITY_LIGHTMAP_DLDR_ENCODING ok=1
Cmd: compileSnippet
  api=9 type=0 insize=1268 outsize=9617 kw=UNITY_PASS_FORWARDADD SPOT SHADOWS_DEPTH _NORMALMAP pd=UNITY_NO_DXT5nm UNITY_NO_RGBM UNITY_ENABLE_REFLECTION_BUFFERS UNITY_FRAMEBUFFER_FETCH_AVAILABLE UNITY_NO_CUBEMAP_ARRAY UNITY_NO_SCREENSPACE_SHADOWS UNITY_PBS_USE_BRDF3 UNITY_NO_FULL_STANDARD_SHADER SHADER_API_MOBILE UNITY_HARDWARE_TIER1 UNITY_COLORSPACE_GAMMA UNITY_LIGHTMAP_DLDR_ENCODING ok=1
Cmd: compileSnippet
  api=18 type=0 insize=1268 outsize=4876 kw=UNITY_PASS_FORWARDADD SPOT SHADOWS_DEPTH _ALPHAPREMULTIPLY_ON pd=UNITY_NO_DXT5nm UNITY_NO_RGBM UNITY_ENABLE_REFLECTION_BUFFERS UNITY_NO_CUBEMAP_ARRAY UNITY_NO_SCREENSPACE_SHADOWS UNITY_PBS_USE_BRDF3 UNITY_NO_FULL_STANDARD_SHADER SHADER_API_MOBILE UNITY_HARDWARE_TIER1 UNITY_COLORSPACE_GAMMA UNITY_LIGHTMAP_DLDR_ENCODING ok=1
Cmd: compileSnippet
  api=18 type=0 insize=1268 outsize=6087 kw=UNITY_PASS_FORWARDADD DIRECTIONAL SHADOWS_SCREEN _NORMALMAP pd=UNITY_NO_DXT5nm UNITY_NO_RGBM UNITY_ENABLE_REFLECTION_BUFFERS UNITY_NO_CUBEMAP_ARRAY UNITY_NO_SCREENSPACE_SHADOWS UNITY_PBS_USE_BRDF2 SHADER_API_MOBILE UNITY_HARDWARE_TIER3 UNITY_COLORSPACE_GAMMA UNITY_LIGHTMAP_DLDR_ENCODING ok=1
Cmd: compileSnippet
  api=5 type=0 insize=1268 outsize=9215 kw=UNITY_PASS_FORWARDADD DIRECTIONAL_COOKIE SHADOWS_SCREEN _NORMALMAP pd=UNITY_NO_DXT5nm UNITY_NO_RGBM UNITY_ENABLE_REFLECTION_BUFFERS UNITY_FRAMEBUFFER_FETCH_AVAILABLE UNITY_NO_CUBEMAP_ARRAY UNITY_NO_SCREENSPACE_SHADOWS UNITY_PBS_USE_BRDF2 SHADER_API_MOBILE UNITY_HARDWARE_TIER3 UNITY_COLORSPACE_GAMMA UNITY_HALF_PRECISION_FRAGMENT_SHADER_REGISTERS UNITY_LIGHTMAP_DLDR_ENCODING ok=1
Cmd: compileSnippet
  api=9 type=0 insize=1268 outsize=9627 kw=UNITY_PASS_FORWARDADD DIRECTIONAL_COOKIE SHADOWS_SCREEN _ALPHAPREMULTIPLY_ON pd=UNITY_NO_DXT5nm UNITY_NO_RGBM UNITY_ENABLE_REFLECTION_BUFFERS UNITY_FRAMEBUFFER_FETCH_AVAILABLE UNITY_NO_CUBEMAP_ARRAY UNITY_NO_SCREENSPACE_SHADOWS UNITY_PBS_USE_BRDF2 SHADER_API_MOBILE UNITY_HARDWARE_TIER3 UNITY_COLORSPACE_GAMMA UNITY_LIGHTMAP_DLDR_ENCODING ok=1
Cmd: compileSnippet
  api=18 type=0 insize=1268 outsize=5904 kw=UNITY_PASS_FORWARDADD POINT SHADOWS_CUBE _NORMALMAP pd=UNITY_NO_DXT5nm UNITY_NO_RGBM UNITY_ENABLE_REFLECTION_BUFFERS UNITY_NO_CUBEMAP_ARRAY UNITY_NO_SCREENSPACE_SHADOWS UNITY_PBS_USE_BRDF2 SHADER_API_MOBILE UNITY_HARDWARE_TIER2 UNITY_COLORSPACE_GAMMA UNITY_LIGHTMAP_DLDR_ENCODING ok=1
Cmd: compileSnippet
  api=5 type=0 insize=1268 outsize=8053 kw=UNITY_PASS_FORWARDADD POINT_COOKIE SHADOWS_CUBE _NORMALMAP pd=UNITY_NO_DXT5nm UNITY_NO_RGBM UNITY_ENABLE_REFLECTION_BUFFERS UNITY_FRAMEBUFFER_FETCH_AVAILABLE UNITY_NO_CUBEMAP_ARRAY UNITY_NO_SCREENSPACE_SHADOWS UNITY_PBS_USE_BRDF2 SHADER_API_MOBILE UNITY_HARDWARE_TIER3 UNITY_COLORSPACE_GAMMA UNITY_HALF_PRECISION_FRAGMENT_SHADER_REGISTERS UNITY_LIGHTMAP_DLDR_ENCODING ok=1
Cmd: compileSnippet
  api=9 type=0 insize=1268 outsize=8331 kw=UNITY_PASS_FORWARDADD POINT_COOKIE SHADOWS_CUBE _ALPHAPREMULTIPLY_ON pd=UNITY_NO_DXT5nm UNITY_NO_RGBM UNITY_ENABLE_REFLECTION_BUFFERS UNITY_FRAMEBUFFER_FETCH_AVAILABLE UNITY_NO_CUBEMAP_ARRAY UNITY_NO_SCREENSPACE_SHADOWS UNITY_PBS_USE_BRDF2 SHADER_API_MOBILE UNITY_HARDWARE_TIER3 UNITY_COLORSPACE_GAMMA UNITY_LIGHTMAP_DLDR_ENCODING ok=1
Cmd: compileSnippet
  api=18 type=0 insize=1268 outsize=5445 kw=UNITY_PASS_FORWARDADD POINT _NORMALMAP pd=UNITY_NO_DXT5nm UNITY_NO_RGBM UNITY_ENABLE_REFLECTION_BUFFERS UNITY_NO_CUBEMAP_ARRAY UNITY_NO_SCREENSPACE_SHADOWS UNITY_PBS_USE_BRDF2 SHADER_API_MOBILE UNITY_HARDWARE_TIER3 UNITY_COLORSPACE_GAMMA UNITY_LIGHTMAP_DLDR_ENCODING ok=1
Cmd: compileSnippet
  api=5 type=0 insize=995 outsize=2625 kw=UNITY_PASS_SHADOWCASTER SHADOWS_CUBE _ALPHAPREMULTIPLY_ON pd=UNITY_NO_DXT5nm UNITY_NO_RGBM UNITY_ENABLE_REFLECTION_BUFFERS UNITY_FRAMEBUFFER_FETCH_AVAILABLE UNITY_NO_CUBEMAP_ARRAY UNITY_NO_SCREENSPACE_SHADOWS UNITY_PBS_USE_BRDF2 SHADER_API_MOBILE UNITY_HARDWARE_TIER3 UNITY_COLORSPACE_GAMMA UNITY_HALF_PRECISION_FRAGMENT_SHADER_REGISTERS UNITY_LIGHTMAP_DLDR_ENCODING ok=1
Cmd: compileSnippet
  api=18 type=1 insize=1602 outsize=0 kw=UNITY_PASS_FORWARDBASE DIRECTIONAL LIGHTPROBE_SH _NORMALMAP pd=UNITY_NO_DXT5nm UNITY_NO_RGBM UNITY_ENABLE_REFLECTION_BUFFERS UNITY_NO_CUBEMAP_ARRAY UNITY_NO_SCREENSPACE_SHADOWS UNITY_PBS_USE_BRDF3 UNITY_NO_FULL_STANDARD_SHADER SHADER_API_MOBILE UNITY_HARDWARE_TIER1 UNITY_COLORSPACE_GAMMA UNITY_LIGHTMAP_DLDR_ENCODING ok=1
Cmd: compileSnippet
  api=5 type=1 insize=1602 outsize=0 kw=UNITY_PASS_FORWARDBASE DIRECTIONAL SHADOWS_SCREEN _NORMALMAP pd=UNITY_NO_DXT5nm UNITY_NO_RGBM UNITY_ENABLE_REFLECTION_BUFFERS UNITY_FRAMEBUFFER_FETCH_AVAILABLE UNITY_NO_CUBEMAP_ARRAY UNITY_NO_SCREENSPACE_SHADOWS UNITY_PBS_USE_BRDF2 SHADER_API_MOBILE UNITY_HARDWARE_TIER3 UNITY_COLORSPACE_GAMMA UNITY_HALF_PRECISION_FRAGMENT_SHADER_REGISTERS UNITY_LIGHTMAP_DLDR_ENCODING ok=1
Cmd: compileSnippet
  api=5 type=1 insize=1602 outsize=0 kw=UNITY_PASS_FORWARDBASE DIRECTIONAL SHADOWS_SCREEN _ALPHAPREMULTIPLY_ON pd=UNITY_NO_DXT5nm UNITY_NO_RGBM UNITY_ENABLE_REFLECTION_BUFFERS UNITY_FRAMEBUFFER_FETCH_AVAILABLE UNITY_NO_CUBEMAP_ARRAY UNITY_NO_SCREENSPACE_SHADOWS UNITY_PBS_USE_BRDF2 SHADER_API_MOBILE UNITY_HARDWARE_TIER3 UNITY_COLORSPACE_GAMMA UNITY_HALF_PRECISION_FRAGMENT_SHADER_REGISTERS UNITY_LIGHTMAP_DLDR_ENCODING ok=1
Cmd: compileSnippet
  api=18 type=1 insize=1602 outsize=0 kw=UNITY_PASS_FORWARDBASE DIRECTIONAL SHADOWS_SCREEN LIGHTPROBE_SH _NORMALMAP pd=UNITY_NO_DXT5nm UNITY_NO_RGBM UNITY_ENABLE_REFLECTION_BUFFERS UNITY_NO_CUBEMAP_ARRAY UNITY_NO_SCREENSPACE_SHADOWS UNITY_PBS_USE_BRDF2 SHADER_API_MOBILE UNITY_HARDWARE_TIER2 UNITY_COLORSPACE_GAMMA UNITY_LIGHTMAP_DLDR_ENCODING ok=1
Cmd: compileSnippet
  api=9 type=1 insize=1602 outsize=0 kw=UNITY_PASS_FORWARDBASE DIRECTIONAL _ALPHAPREMULTIPLY_ON pd=UNITY_NO_DXT5nm UNITY_NO_RGBM UNITY_ENABLE_REFLECTION_BUFFERS UNITY_FRAMEBUFFER_FETCH_AVAILABLE UNITY_NO_CUBEMAP_ARRAY UNITY_NO_SCREENSPACE_SHADOWS UNITY_PBS_USE_BRDF2 SHADER_API_MOBILE UNITY_HARDWARE_TIER3 UNITY_COLORSPACE_GAMMA UNITY_LIGHTMAP_DLDR_ENCODING ok=1
Cmd: compileSnippet
  api=5 type=1 insize=1460 outsize=0 kw=UNITY_PASS_FORWARDADD DIRECTIONAL _NORMALMAP pd=UNITY_NO_DXT5nm UNITY_NO_RGBM UNITY_ENABLE_REFLECTION_BUFFERS UNITY_FRAMEBUFFER_FETCH_AVAILABLE UNITY_NO_CUBEMAP_ARRAY UNITY_NO_SCREENSPACE_SHADOWS UNITY_PBS_USE_BRDF3 UNITY_NO_FULL_STANDARD_SHADER SHADER_API_MOBILE UNITY_HARDWARE_TIER1 UNITY_COLORSPACE_GAMMA UNITY_HALF_PRECISION_FRAGMENT_SHADER_REGISTERS UNITY_LIGHTMAP_DLDR_ENCODING ok=1
Cmd: compileSnippet
  api=5 type=1 insize=1460 outsize=0 kw=UNITY_PASS_FORWARDADD DIRECTIONAL _ALPHAPREMULTIPLY_ON pd=UNITY_NO_DXT5nm UNITY_NO_RGBM UNITY_ENABLE_REFLECTION_BUFFERS UNITY_FRAMEBUFFER_FETCH_AVAILABLE UNITY_NO_CUBEMAP_ARRAY UNITY_NO_SCREENSPACE_SHADOWS UNITY_PBS_USE_BRDF3 UNITY_NO_FULL_STANDARD_SHADER SHADER_API_MOBILE UNITY_HARDWARE_TIER1 UNITY_COLORSPACE_GAMMA UNITY_HALF_PRECISION_FRAGMENT_SHADER_REGISTERS UNITY_LIGHTMAP_DLDR_ENCODING ok=1
Cmd: compileSnippet
  api=9 type=1 insize=1460 outsize=0 kw=UNITY_PASS_FORWARDADD DIRECTIONAL _ALPHAPREMULTIPLY_ON pd=UNITY_NO_DXT5nm UNITY_NO_RGBM UNITY_ENABLE_REFLECTION_BUFFERS UNITY_FRAMEBUFFER_FETCH_AVAILABLE UNITY_NO_CUBEMAP_ARRAY UNITY_NO_SCREENSPACE_SHADOWS UNITY_PBS_USE_BRDF2 SHADER_API_MOBILE UNITY_HARDWARE_TIER3 UNITY_COLORSPACE_GAMMA UNITY_LIGHTMAP_DLDR_ENCODING ok=1
Cmd: compileSnippet
  api=9 type=1 insize=1460 outsize=0 kw=UNITY_PASS_FORWARDADD SPOT _ALPHAPREMULTIPLY_ON pd=UNITY_NO_DXT5nm UNITY_NO_RGBM UNITY_ENABLE_REFLECTION_BUFFERS UNITY_FRAMEBUFFER_FETCH_AVAILABLE UNITY_NO_CUBEMAP_ARRAY UNITY_NO_SCREENSPACE_SHADOWS UNITY_PBS_USE_BRDF2 SHADER_API_MOBILE UNITY_HARDWARE_TIER3 UNITY_COLORSPACE_GAMMA UNITY_LIGHTMAP_DLDR_ENCODING ok=1
Cmd: compileSnippet
  api=18 type=1 insize=1460 outsize=0 kw=UNITY_PASS_FORWARDADD POINT_COOKIE _NORMALMAP pd=UNITY_NO_DXT5nm UNITY_NO_RGBM UNITY_ENABLE_REFLECTION_BUFFERS UNITY_NO_CUBEMAP_ARRAY UNITY_NO_SCREENSPACE_SHADOWS UNITY_PBS_USE_BRDF3 UNITY_NO_FULL_STANDARD_SHADER SHADER_API_MOBILE UNITY_HARDWARE_TIER1 UNITY_COLORSPACE_GAMMA UNITY_LIGHTMAP_DLDR_ENCODING ok=1
Cmd: compileSnippet
  api=18 type=1 insize=1460 outsize=0 kw=UNITY_PASS_FORWARDADD POINT_COOKIE _ALPHAPREMULTIPLY_ON pd=UNITY_NO_DXT5nm UNITY_NO_RGBM UNITY_ENABLE_REFLECTION_BUFFERS UNITY_NO_CUBEMAP_ARRAY UNITY_NO_SCREENSPACE_SHADOWS UNITY_PBS_USE_BRDF2 SHADER_API_MOBILE UNITY_HARDWARE_TIER2 UNITY_COLORSPACE_GAMMA UNITY_LIGHTMAP_DLDR_ENCODING ok=1
Cmd: compileSnippet
  api=18 type=1 insize=1460 outsize=0 kw=UNITY_PASS_FORWARDADD DIRECTIONAL_COOKIE _NORMALMAP pd=UNITY_NO_DXT5nm UNITY_NO_RGBM UNITY_ENABLE_REFLECTION_BUFFERS UNITY_NO_CUBEMAP_ARRAY UNITY_NO_SCREENSPACE_SHADOWS UNITY_PBS_USE_BRDF2 SHADER_API_MOBILE UNITY_HARDWARE_TIER3 UNITY_COLORSPACE_GAMMA UNITY_LIGHTMAP_DLDR_ENCODING ok=1
Cmd: compileSnippet
  api=9 type=1 insize=1460 outsize=0 kw=UNITY_PASS_FORWARDADD DIRECTIONAL_COOKIE _ALPHAPREMULTIPLY_ON pd=UNITY_NO_DXT5nm UNITY_NO_RGBM UNITY_ENABLE_REFLECTION_BUFFERS UNITY_FRAMEBUFFER_FETCH_AVAILABLE UNITY_NO_CUBEMAP_ARRAY UNITY_NO_SCREENSPACE_SHADOWS UNITY_PBS_USE_BRDF2 SHADER_API_MOBILE UNITY_HARDWARE_TIER2 UNITY_COLORSPACE_GAMMA UNITY_LIGHTMAP_DLDR_ENCODING ok=1
Cmd: compileSnippet
  api=9 type=1 insize=1460 outsize=0 kw=UNITY_PASS_FORWARDADD SPOT SHADOWS_DEPTH _NORMALMAP pd=UNITY_NO_DXT5nm UNITY_NO_RGBM UNITY_ENABLE_REFLECTION_BUFFERS UNITY_FRAMEBUFFER_FETCH_AVAILABLE UNITY_NO_CUBEMAP_ARRAY UNITY_NO_SCREENSPACE_SHADOWS UNITY_PBS_USE_BRDF2 SHADER_API_MOBILE UNITY_HARDWARE_TIER2 UNITY_COLORSPACE_GAMMA UNITY_LIGHTMAP_DLDR_ENCODING ok=1
Cmd: compileSnippet
  api=9 type=1 insize=1460 outsize=0 kw=UNITY_PASS_FORWARDADD SPOT SHADOWS_DEPTH SHADOWS_SOFT _NORMALMAP pd=UNITY_NO_DXT5nm UNITY_NO_RGBM UNITY_ENABLE_REFLECTION_BUFFERS UNITY_FRAMEBUFFER_FETCH_AVAILABLE UNITY_NO_CUBEMAP_ARRAY UNITY_NO_SCREENSPACE_SHADOWS UNITY_PBS_USE_BRDF3 UNITY_NO_FULL_STANDARD_SHADER SHADER_API_MOBILE UNITY_HARDWARE_TIER1 UNITY_COLORSPACE_GAMMA UNITY_LIGHTMAP_DLDR_ENCODING ok=1
Cmd: compileSnippet
  api=5 type=1 insize=1460 outsize=0 kw=UNITY_PASS_FORWARDADD SPOT SHADOWS_DEPTH SHADOWS_SOFT _ALPHAPREMULTIPLY_ON pd=UNITY_NO_DXT5nm UNITY_NO_RGBM UNITY_ENABLE_REFLECTION_BUFFERS UNITY_FRAMEBUFFER_FETCH_AVAILABLE UNITY_NO_CUBEMAP_ARRAY UNITY_NO_SCREENSPACE_SHADOWS UNITY_PBS_USE_BRDF2 SHADER_API_MOBILE UNITY_HARDWARE_TIER3 UNITY_COLORSPACE_GAMMA UNITY_HALF_PRECISION_FRAGMENT_SHADER_REGISTERS UNITY_LIGHTMAP_DLDR_ENCODING ok=1
Cmd: compileSnippet
  api=9 type=1 insize=1460 outsize=0 kw=UNITY_PASS_FORWARDADD DIRECTIONAL SHADOWS_SCREEN _NORMALMAP pd=UNITY_NO_DXT5nm UNITY_NO_RGBM UNITY_ENABLE_REFLECTION_BUFFERS UNITY_FRAMEBUFFER_FETCH_AVAILABLE UNITY_NO_CUBEMAP_ARRAY UNITY_NO_SCREENSPACE_SHADOWS UNITY_PBS_USE_BRDF3 UNITY_NO_FULL_STANDARD_SHADER SHADER_API_MOBILE UNITY_HARDWARE_TIER1 UNITY_COLORSPACE_GAMMA UNITY_LIGHTMAP_DLDR_ENCODING ok=1
Cmd: compileSnippet
  api=9 type=1 insize=1460 outsize=0 kw=UNITY_PASS_FORWARDADD DIRECTIONAL SHADOWS_SCREEN _ALPHAPREMULTIPLY_ON pd=UNITY_NO_DXT5nm UNITY_NO_RGBM UNITY_ENABLE_REFLECTION_BUFFERS UNITY_FRAMEBUFFER_FETCH_AVAILABLE UNITY_NO_CUBEMAP_ARRAY UNITY_NO_SCREENSPACE_SHADOWS UNITY_PBS_USE_BRDF2 SHADER_API_MOBILE UNITY_HARDWARE_TIER3 UNITY_COLORSPACE_GAMMA UNITY_LIGHTMAP_DLDR_ENCODING ok=1
Cmd: compileSnippet
  api=9 type=1 insize=1460 outsize=0 kw=UNITY_PASS_FORWARDADD DIRECTIONAL_COOKIE SHADOWS_SCREEN _NORMALMAP pd=UNITY_NO_DXT5nm UNITY_NO_RGBM UNITY_ENABLE_REFLECTION_BUFFERS UNITY_FRAMEBUFFER_FETCH_AVAILABLE UNITY_NO_CUBEMAP_ARRAY UNITY_NO_SCREENSPACE_SHADOWS UNITY_PBS_USE_BRDF2 SHADER_API_MOBILE UNITY_HARDWARE_TIER3 UNITY_COLORSPACE_GAMMA UNITY_LIGHTMAP_DLDR_ENCODING ok=1
Cmd: compileSnippet
  api=9 type=1 insize=1460 outsize=0 kw=UNITY_PASS_FORWARDADD DIRECTIONAL_COOKIE SHADOWS_SCREEN _ALPHAPREMULTIPLY_ON pd=UNITY_NO_DXT5nm UNITY_NO_RGBM UNITY_ENABLE_REFLECTION_BUFFERS UNITY_FRAMEBUFFER_FETCH_AVAILABLE UNITY_NO_CUBEMAP_ARRAY UNITY_NO_SCREENSPACE_SHADOWS UNITY_PBS_USE_BRDF2 SHADER_API_MOBILE UNITY_HARDWARE_TIER2 UNITY_COLORSPACE_GAMMA UNITY_LIGHTMAP_DLDR_ENCODING ok=1
Cmd: compileSnippet
  api=18 type=1 insize=1460 outsize=0 kw=UNITY_PASS_FORWARDADD POINT SHADOWS_CUBE _ALPHAPREMULTIPLY_ON pd=UNITY_NO_DXT5nm UNITY_NO_RGBM UNITY_ENABLE_REFLECTION_BUFFERS UNITY_NO_CUBEMAP_ARRAY UNITY_NO_SCREENSPACE_SHADOWS UNITY_PBS_USE_BRDF3 UNITY_NO_FULL_STANDARD_SHADER SHADER_API_MOBILE UNITY_HARDWARE_TIER1 UNITY_COLORSPACE_GAMMA UNITY_LIGHTMAP_DLDR_ENCODING ok=1
Cmd: compileSnippet
  api=9 type=1 insize=1460 outsize=0 kw=UNITY_PASS_FORWARDADD POINT_COOKIE SHADOWS_CUBE _NORMALMAP pd=UNITY_NO_DXT5nm UNITY_NO_RGBM UNITY_ENABLE_REFLECTION_BUFFERS UNITY_FRAMEBUFFER_FETCH_AVAILABLE UNITY_NO_CUBEMAP_ARRAY UNITY_NO_SCREENSPACE_SHADOWS UNITY_PBS_USE_BRDF2 SHADER_API_MOBILE UNITY_HARDWARE_TIER3 UNITY_COLORSPACE_GAMMA UNITY_LIGHTMAP_DLDR_ENCODING ok=1
Cmd: compileSnippet
  api=9 type=1 insize=1460 outsize=0 kw=UNITY_PASS_FORWARDADD POINT_COOKIE SHADOWS_CUBE _ALPHAPREMULTIPLY_ON pd=UNITY_NO_DXT5nm UNITY_NO_RGBM UNITY_ENABLE_REFLECTION_BUFFERS UNITY_FRAMEBUFFER_FETCH_AVAILABLE UNITY_NO_CUBEMAP_ARRAY UNITY_NO_SCREENSPACE_SHADOWS UNITY_PBS_USE_BRDF2 SHADER_API_MOBILE UNITY_HARDWARE_TIER3 UNITY_COLORSPACE_GAMMA UNITY_LIGHTMAP_DLDR_ENCODING ok=1
Cmd: compileSnippet
  api=18 type=1 insize=1460 outsize=0 kw=UNITY_PASS_FORWARDADD POINT_COOKIE SHADOWS_CUBE SHADOWS_SOFT _NORMALMAP pd=UNITY_NO_DXT5nm UNITY_NO_RGBM UNITY_ENABLE_REFLECTION_BUFFERS UNITY_NO_CUBEMAP_ARRAY UNITY_NO_SCREENSPACE_SHADOWS UNITY_PBS_USE_BRDF2 SHADER_API_MOBILE UNITY_HARDWARE_TIER3 UNITY_COLORSPACE_GAMMA UNITY_LIGHTMAP_DLDR_ENCODING ok=1
Cmd: compileSnippet
  api=5 type=1 insize=1460 outsize=0 kw=UNITY_PASS_FORWARDADD POINT _NORMALMAP pd=UNITY_NO_DXT5nm UNITY_NO_RGBM UNITY_ENABLE_REFLECTION_BUFFERS UNITY_FRAMEBUFFER_FETCH_AVAILABLE UNITY_NO_CUBEMAP_ARRAY UNITY_NO_SCREENSPACE_SHADOWS UNITY_PBS_USE_BRDF3 UNITY_NO_FULL_STANDARD_SHADER SHADER_API_MOBILE UNITY_HARDWARE_TIER1 UNITY_COLORSPACE_GAMMA UNITY_HALF_PRECISION_FRAGMENT_SHADER_REGISTERS UNITY_LIGHTMAP_DLDR_ENCODING ok=1
Cmd: compileSnippet
  api=18 type=1 insize=1302 outsize=0 kw=UNITY_PASS_SHADOWCASTER SHADOWS_CUBE _ALPHAPREMULTIPLY_ON pd=UNITY_NO_DXT5nm UNITY_NO_RGBM UNITY_ENABLE_REFLECTION_BUFFERS UNITY_NO_CUBEMAP_ARRAY UNITY_NO_SCREENSPACE_SHADOWS UNITY_PBS_USE_BRDF2 SHADER_API_MOBILE UNITY_HARDWARE_TIER2 UNITY_COLORSPACE_GAMMA UNITY_LIGHTMAP_DLDR_ENCODING ok=1
Cmd: compileSnippet
  api=5 type=1 insize=1302 outsize=0 kw=UNITY_PASS_SHADOWCASTER SHADOWS_DEPTH _ALPHAPREMULTIPLY_ON pd=UNITY_NO_DXT5nm UNITY_NO_RGBM UNITY_ENABLE_REFLECTION_BUFFERS UNITY_FRAMEBUFFER_FETCH_AVAILABLE UNITY_NO_CUBEMAP_ARRAY UNITY_NO_SCREENSPACE_SHADOWS UNITY_PBS_USE_BRDF2 SHADER_API_MOBILE UNITY_HARDWARE_TIER2 UNITY_COLORSPACE_GAMMA UNITY_HALF_PRECISION_FRAGMENT_SHADER_REGISTERS UNITY_LIGHTMAP_DLDR_ENCODING ok=1
Cmd: compileSnippet
  api=18 type=1 insize=1554 outsize=0 kw=UNITY_PASS_DEFERRED LIGHTPROBE_SH _NORMALMAP pd=UNITY_NO_DXT5nm UNITY_NO_RGBM UNITY_ENABLE_REFLECTION_BUFFERS UNITY_NO_CUBEMAP_ARRAY UNITY_NO_SCREENSPACE_SHADOWS UNITY_PBS_USE_BRDF2 SHADER_API_MOBILE UNITY_HARDWARE_TIER3 UNITY_COLORSPACE_GAMMA UNITY_LIGHTMAP_DLDR_ENCODING ok=1
Cmd: compileSnippet
  api=5 type=1 insize=1554 outsize=0 kw=UNITY_PASS_DEFERRED UNITY_HDR_ON _ALPHAPREMULTIPLY_ON pd=UNITY_NO_DXT5nm UNITY_NO_RGBM UNITY_ENABLE_REFLECTION_BUFFERS UNITY_FRAMEBUFFER_FETCH_AVAILABLE UNITY_NO_CUBEMAP_ARRAY UNITY_NO_SCREENSPACE_SHADOWS UNITY_PBS_USE_BRDF2 SHADER_API_MOBILE UNITY_HARDWARE_TIER3 UNITY_COLORSPACE_GAMMA UNITY_HALF_PRECISION_FRAGMENT_SHADER_REGISTERS UNITY_LIGHTMAP_DLDR_ENCODING ok=1
Cmd: compileSnippet
  api=9 type=1 insize=1554 outsize=0 kw=UNITY_PASS_DEFERRED LIGHTPROBE_SH UNITY_HDR_ON _NORMALMAP pd=UNITY_NO_DXT5nm UNITY_NO_RGBM UNITY_ENABLE_REFLECTION_BUFFERS UNITY_FRAMEBUFFER_FETCH_AVAILABLE UNITY_NO_CUBEMAP_ARRAY UNITY_NO_SCREENSPACE_SHADOWS UNITY_PBS_USE_BRDF2 SHADER_API_MOBILE UNITY_HARDWARE_TIER3 UNITY_COLORSPACE_GAMMA UNITY_LIGHTMAP_DLDR_ENCODING ok=1
Cmd: compileSnippet
  api=5 type=1 insize=1554 outsize=0 kw=UNITY_PASS_DEFERRED _ALPHAPREMULTIPLY_ON pd=UNITY_NO_DXT5nm UNITY_NO_RGBM UNITY_ENABLE_REFLECTION_BUFFERS UNITY_FRAMEBUFFER_FETCH_AVAILABLE UNITY_NO_CUBEMAP_ARRAY UNITY_NO_SCREENSPACE_SHADOWS UNITY_PBS_USE_BRDF2 SHADER_API_MOBILE UNITY_HARDWARE_TIER2 UNITY_COLORSPACE_GAMMA UNITY_HALF_PRECISION_FRAGMENT_SHADER_REGISTERS UNITY_LIGHTMAP_DLDR_ENCODING ok=1
Cmd: compileSnippet
  api=5 type=1 insize=1406 outsize=0 kw=UNITY_PASS_FORWARDBASE DIRECTIONAL LIGHTPROBE_SH _NORMALMAP pd=UNITY_NO_DXT5nm UNITY_NO_RGBM UNITY_ENABLE_REFLECTION_BUFFERS UNITY_FRAMEBUFFER_FETCH_AVAILABLE UNITY_NO_CUBEMAP_ARRAY UNITY_NO_SCREENSPACE_SHADOWS UNITY_PBS_USE_BRDF2 SHADER_API_MOBILE UNITY_HARDWARE_TIER2 UNITY_COLORSPACE_GAMMA UNITY_HALF_PRECISION_FRAGMENT_SHADER_REGISTERS UNITY_LIGHTMAP_DLDR_ENCODING ok=1
Cmd: compileSnippet
  api=9 type=1 insize=1406 outsize=0 kw=UNITY_PASS_FORWARDBASE DIRECTIONAL SHADOWS_SCREEN _NORMALMAP pd=UNITY_NO_DXT5nm UNITY_NO_RGBM UNITY_ENABLE_REFLECTION_BUFFERS UNITY_FRAMEBUFFER_FETCH_AVAILABLE UNITY_NO_CUBEMAP_ARRAY UNITY_NO_SCREENSPACE_SHADOWS UNITY_PBS_USE_BRDF3 UNITY_NO_FULL_STANDARD_SHADER SHADER_API_MOBILE UNITY_HARDWARE_TIER1 UNITY_COLORSPACE_GAMMA UNITY_LIGHTMAP_DLDR_ENCODING ok=1
Cmd: compileSnippet
  api=9 type=1 insize=1406 outsize=0 kw=UNITY_PASS_FORWARDBASE DIRECTIONAL SHADOWS_SCREEN _ALPHAPREMULTIPLY_ON pd=UNITY_NO_DXT5nm UNITY_NO_RGBM UNITY_ENABLE_REFLECTION_BUFFERS UNITY_FRAMEBUFFER_FETCH_AVAILABLE UNITY_NO_CUBEMAP_ARRAY UNITY_NO_SCREENSPACE_SHADOWS UNITY_PBS_USE_BRDF2 SHADER_API_MOBILE UNITY_HARDWARE_TIER2 UNITY_COLORSPACE_GAMMA UNITY_LIGHTMAP_DLDR_ENCODING ok=1
Cmd: compileSnippet
  api=5 type=1 insize=1406 outsize=0 kw=UNITY_PASS_FORWARDBASE DIRECTIONAL SHADOWS_SCREEN LIGHTPROBE_SH _NORMALMAP pd=UNITY_NO_DXT5nm UNITY_NO_RGBM UNITY_ENABLE_REFLECTION_BUFFERS UNITY_FRAMEBUFFER_FETCH_AVAILABLE UNITY_NO_CUBEMAP_ARRAY UNITY_NO_SCREENSPACE_SHADOWS UNITY_PBS_USE_BRDF2 SHADER_API_MOBILE UNITY_HARDWARE_TIER3 UNITY_COLORSPACE_GAMMA UNITY_HALF_PRECISION_FRAGMENT_SHADER_REGISTERS UNITY_LIGHTMAP_DLDR_ENCODING ok=1
Cmd: compileSnippet
  api=9 type=1 insize=1406 outsize=0 kw=UNITY_PASS_FORWARDBASE DIRECTIONAL _NORMALMAP pd=UNITY_NO_DXT5nm UNITY_NO_RGBM UNITY_ENABLE_REFLECTION_BUFFERS UNITY_FRAMEBUFFER_FETCH_AVAILABLE UNITY_NO_CUBEMAP_ARRAY UNITY_NO_SCREENSPACE_SHADOWS UNITY_PBS_USE_BRDF2 SHADER_API_MOBILE UNITY_HARDWARE_TIER2 UNITY_COLORSPACE_GAMMA UNITY_LIGHTMAP_DLDR_ENCODING ok=1
Cmd: compileSnippet
  api=5 type=1 insize=1268 outsize=0 kw=UNITY_PASS_FORWARDADD DIRECTIONAL _NORMALMAP pd=UNITY_NO_DXT5nm UNITY_NO_RGBM UNITY_ENABLE_REFLECTION_BUFFERS UNITY_FRAMEBUFFER_FETCH_AVAILABLE UNITY_NO_CUBEMAP_ARRAY UNITY_NO_SCREENSPACE_SHADOWS UNITY_PBS_USE_BRDF3 UNITY_NO_FULL_STANDARD_SHADER SHADER_API_MOBILE UNITY_HARDWARE_TIER1 UNITY_COLORSPACE_GAMMA UNITY_HALF_PRECISION_FRAGMENT_SHADER_REGISTERS UNITY_LIGHTMAP_DLDR_ENCODING ok=1
Cmd: compileSnippet
  api=9 type=1 insize=1268 outsize=0 kw=UNITY_PASS_FORWARDADD DIRECTIONAL _ALPHAPREMULTIPLY_ON pd=UNITY_NO_DXT5nm UNITY_NO_RGBM UNITY_ENABLE_REFLECTION_BUFFERS UNITY_FRAMEBUFFER_FETCH_AVAILABLE UNITY_NO_CUBEMAP_ARRAY UNITY_NO_SCREENSPACE_SHADOWS UNITY_PBS_USE_BRDF2 SHADER_API_MOBILE UNITY_HARDWARE_TIER3 UNITY_COLORSPACE_GAMMA UNITY_LIGHTMAP_DLDR_ENCODING ok=1
Cmd: compileSnippet
  api=9 type=1 insize=1268 outsize=0 kw=UNITY_PASS_FORWARDADD SPOT _ALPHAPREMULTIPLY_ON pd=UNITY_NO_DXT5nm UNITY_NO_RGBM UNITY_ENABLE_REFLECTION_BUFFERS UNITY_FRAMEBUFFER_FETCH_AVAILABLE UNITY_NO_CUBEMAP_ARRAY UNITY_NO_SCREENSPACE_SHADOWS UNITY_PBS_USE_BRDF2 SHADER_API_MOBILE UNITY_HARDWARE_TIER2 UNITY_COLORSPACE_GAMMA UNITY_LIGHTMAP_DLDR_ENCODING ok=1
Cmd: compileSnippet
  api=9 type=1 insize=1268 outsize=0 kw=UNITY_PASS_FORWARDADD POINT_COOKIE _NORMALMAP pd=UNITY_NO_DXT5nm UNITY_NO_RGBM UNITY_ENABLE_REFLECTION_BUFFERS UNITY_FRAMEBUFFER_FETCH_AVAILABLE UNITY_NO_CUBEMAP_ARRAY UNITY_NO_SCREENSPACE_SHADOWS UNITY_PBS_USE_BRDF2 SHADER_API_MOBILE UNITY_HARDWARE_TIER2 UNITY_COLORSPACE_GAMMA UNITY_LIGHTMAP_DLDR_ENCODING ok=1
Cmd: compileSnippet
  api=9 type=1 insize=1268 outsize=0 kw=UNITY_PASS_FORWARDADD POINT_COOKIE _ALPHAPREMULTIPLY_ON pd=UNITY_NO_DXT5nm UNITY_NO_RGBM UNITY_ENABLE_REFLECTION_BUFFERS UNITY_FRAMEBUFFER_FETCH_AVAILABLE UNITY_NO_CUBEMAP_ARRAY UNITY_NO_SCREENSPACE_SHADOWS UNITY_PBS_USE_BRDF2 SHADER_API_MOBILE UNITY_HARDWARE_TIER2 UNITY_COLORSPACE_GAMMA UNITY_LIGHTMAP_DLDR_ENCODING ok=1
Cmd: compileSnippet
  api=9 type=1 insize=1268 outsize=0 kw=UNITY_PASS_FORWARDADD DIRECTIONAL_COOKIE _NORMALMAP pd=UNITY_NO_DXT5nm UNITY_NO_RGBM UNITY_ENABLE_REFLECTION_BUFFERS UNITY_FRAMEBUFFER_FETCH_AVAILABLE UNITY_NO_CUBEMAP_ARRAY UNITY_NO_SCREENSPACE_SHADOWS UNITY_PBS_USE_BRDF3 UNITY_NO_FULL_STANDARD_SHADER SHADER_API_MOBILE UNITY_HARDWARE_TIER1 UNITY_COLORSPACE_GAMMA UNITY_LIGHTMAP_DLDR_ENCODING ok=1
Cmd: compileSnippet
  api=18 type=1 insize=1268 outsize=0 kw=UNITY_PASS_FORWARDADD SPOT SHADOWS_DEPTH _NORMALMAP pd=UNITY_NO_DXT5nm UNITY_NO_RGBM UNITY_ENABLE_REFLECTION_BUFFERS UNITY_NO_CUBEMAP_ARRAY UNITY_NO_SCREENSPACE_SHADOWS UNITY_PBS_USE_BRDF2 SHADER_API_MOBILE UNITY_HARDWARE_TIER2 UNITY_COLORSPACE_GAMMA UNITY_LIGHTMAP_DLDR_ENCODING ok=1
Cmd: compileSnippet
  api=5 type=1 insize=1268 outsize=0 kw=UNITY_PASS_FORWARDADD SPOT SHADOWS_DEPTH _ALPHAPREMULTIPLY_ON pd=UNITY_NO_DXT5nm UNITY_NO_RGBM UNITY_ENABLE_REFLECTION_BUFFERS UNITY_FRAMEBUFFER_FETCH_AVAILABLE UNITY_NO_CUBEMAP_ARRAY UNITY_NO_SCREENSPACE_SHADOWS UNITY_PBS_USE_BRDF2 SHADER_API_MOBILE UNITY_HARDWARE_TIER3 UNITY_COLORSPACE_GAMMA UNITY_HALF_PRECISION_FRAGMENT_SHADER_REGISTERS UNITY_LIGHTMAP_DLDR_ENCODING ok=1
Cmd: compileSnippet
  api=9 type=1 insize=1268 outsize=0 kw=UNITY_PASS_FORWARDADD DIRECTIONAL SHADOWS_SCREEN _NORMALMAP pd=UNITY_NO_DXT5nm UNITY_NO_RGBM UNITY_ENABLE_REFLECTION_BUFFERS UNITY_FRAMEBUFFER_FETCH_AVAILABLE UNITY_NO_CUBEMAP_ARRAY UNITY_NO_SCREENSPACE_SHADOWS UNITY_PBS_USE_BRDF2 SHADER_API_MOBILE UNITY_HARDWARE_TIER2 UNITY_COLORSPACE_GAMMA UNITY_LIGHTMAP_DLDR_ENCODING ok=1
Cmd: compileSnippet
  api=9 type=1 insize=1268 outsize=0 kw=UNITY_PASS_FORWARDADD DIRECTIONAL SHADOWS_SCREEN _ALPHAPREMULTIPLY_ON pd=UNITY_NO_DXT5nm UNITY_NO_RGBM UNITY_ENABLE_REFLECTION_BUFFERS UNITY_FRAMEBUFFER_FETCH_AVAILABLE UNITY_NO_CUBEMAP_ARRAY UNITY_NO_SCREENSPACE_SHADOWS UNITY_PBS_USE_BRDF3 UNITY_NO_FULL_STANDARD_SHADER SHADER_API_MOBILE UNITY_HARDWARE_TIER1 UNITY_COLORSPACE_GAMMA UNITY_LIGHTMAP_DLDR_ENCODING ok=1
Cmd: compileSnippet
  api=9 type=1 insize=1268 outsize=0 kw=UNITY_PASS_FORWARDADD DIRECTIONAL_COOKIE SHADOWS_SCREEN _NORMALMAP pd=UNITY_NO_DXT5nm UNITY_NO_RGBM UNITY_ENABLE_REFLECTION_BUFFERS UNITY_FRAMEBUFFER_FETCH_AVAILABLE UNITY_NO_CUBEMAP_ARRAY UNITY_NO_SCREENSPACE_SHADOWS UNITY_PBS_USE_BRDF2 SHADER_API_MOBILE UNITY_HARDWARE_TIER3 UNITY_COLORSPACE_GAMMA UNITY_LIGHTMAP_DLDR_ENCODING ok=1
Cmd: compileSnippet
  api=9 type=1 insize=1268 outsize=0 kw=UNITY_PASS_FORWARDADD DIRECTIONAL_COOKIE SHADOWS_SCREEN _ALPHAPREMULTIPLY_ON pd=UNITY_NO_DXT5nm UNITY_NO_RGBM UNITY_ENABLE_REFLECTION_BUFFERS UNITY_FRAMEBUFFER_FETCH_AVAILABLE UNITY_NO_CUBEMAP_ARRAY UNITY_NO_SCREENSPACE_SHADOWS UNITY_PBS_USE_BRDF2 SHADER_API_MOBILE UNITY_HARDWARE_TIER2 UNITY_COLORSPACE_GAMMA UNITY_LIGHTMAP_DLDR_ENCODING ok=1
Cmd: compileSnippet
  api=5 type=1 insize=1268 outsize=0 kw=UNITY_PASS_FORWARDADD POINT SHADOWS_CUBE _ALPHAPREMULTIPLY_ON pd=UNITY_NO_DXT5nm UNITY_NO_RGBM UNITY_ENABLE_REFLECTION_BUFFERS UNITY_FRAMEBUFFER_FETCH_AVAILABLE UNITY_NO_CUBEMAP_ARRAY UNITY_NO_SCREENSPACE_SHADOWS UNITY_PBS_USE_BRDF3 UNITY_NO_FULL_STANDARD_SHADER SHADER_API_MOBILE UNITY_HARDWARE_TIER1 UNITY_COLORSPACE_GAMMA UNITY_HALF_PRECISION_FRAGMENT_SHADER_REGISTERS UNITY_LIGHTMAP_DLDR_ENCODING ok=1
Cmd: compileSnippet
  api=9 type=1 insize=995 outsize=0 kw=UNITY_PASS_SHADOWCASTER SHADOWS_CUBE _ALPHAPREMULTIPLY_ON pd=UNITY_NO_DXT5nm UNITY_NO_RGBM UNITY_ENABLE_REFLECTION_BUFFERS UNITY_FRAMEBUFFER_FETCH_AVAILABLE UNITY_NO_CUBEMAP_ARRAY UNITY_NO_SCREENSPACE_SHADOWS UNITY_PBS_USE_BRDF2 SHADER_API_MOBILE UNITY_HARDWARE_TIER2 UNITY_COLORSPACE_GAMMA UNITY_LIGHTMAP_DLDR_ENCODING ok=1
